<?xml version="1.0" encoding="UTF-8"?>
<!-- Generated by org.testng.reporters.JUnitReportReporter -->
<testsuite hostname="LAPTOP-3NB5TF3S" failures="0" tests="1" name="com.inetBanking.testCases.TC_LoginTest_001" time="3.935" errors="0" timestamp="13 Jan 2023 05:31:20 GMT" skipped="0">
  <testcase classname="com.inetBanking.testCases.TC_LoginTest_001" name="loginTest" time="3.935"/>
</testsuite> <!-- com.inetBanking.testCases.TC_LoginTest_001 -->
