<?xml version="1.0" encoding="UTF-8"?>
<!-- Generated by org.testng.reporters.JUnitReportReporter -->
<testsuite hostname="LAPTOP-3NB5TF3S" failures="0" tests="1" name="com.inetBanking.testCases.TC_AddCustomerTest_003" time="17.788" errors="0" timestamp="13 Jan 2023 06:20:43 GMT" skipped="0">
  <testcase classname="com.inetBanking.testCases.TC_AddCustomerTest_003" name="addNewCustomer" time="17.788"/>
</testsuite> <!-- com.inetBanking.testCases.TC_AddCustomerTest_003 -->
